<?xml version="1.0" encoding="UTF-8"?>
<testsuite name="com.example.lambda.advance.FilteringAppleTest" tests="1" skipped="0" failures="0" errors="0" timestamp="2022-12-14T03:07:15" hostname="DESKTOP-I3ED7G4" time="0.04">
  <properties/>
  <testcase name="test()" classname="com.example.lambda.advance.FilteringAppleTest" time="0.04"/>
  <system-out><![CDATA[Apple{weight=120, color=RED}
Apple{weight=110, color=RED}
Apple{weight=50, color=RED}
]]></system-out>
  <system-err><![CDATA[]]></system-err>
</testsuite>
